[22:09:48] [main/INFO] (FabricLoader/GameProvider) Loading Minecraft 1.4.4 with Fabric Loader 0.16.10
[22:09:48] [main/DEBUG] (FabricLoader/GamePatch) Found game constructor: net.minecraft.client.MinecraftApplet -> net.minecraft.client.Minecraft
[22:09:48] [main/DEBUG] (FabricLoader/GamePatch) Patching game constructor <init>(Ljava/awt/Canvas;Lnet/minecraft/client/MinecraftApplet;IIZ)V
[22:09:48] [main/DEBUG] (FabricLoader/GamePatch) Applying brand name hook to net/minecraft/client/ClientBrandRetriever::getClientModName
[22:09:48] [main/DEBUG] (FabricLoader/GamePatch) Applying brand name hook to net/minecraft/server/MinecraftServer::getServerModName
[22:09:48] [main/DEBUG] (FabricLoader/Mappings) Loading mappings took 26 ms
[22:09:48] [main/DEBUG] (FabricLoader/GamePatch) Patched 3 classs
[22:09:48] [main/DEBUG] (FabricLoader/Discovery) Mod discovery time: 18.5 ms
[22:09:48] [main/DEBUG] (FabricLoader/Resolution) Mod resolution time: 35.4 ms
[22:09:48] [main/INFO] (FabricLoader) Loading 13 mods:
	- example_mod 1.0.0+mc1.4.4
	- fabricloader 0.16.10
	- java 17
	- minecraft 1.4.4
	- mixinextras 0.4.1
	- osl-branding 0.3.2+mc1.3-pre-07261249-mc1.5.2
	- osl-config 0.5.2+mc1.3-pre-07261249-mc1.5.2
	- osl-core 0.6.0
	- osl-entrypoints 0.4.3+mc1.3-pre-07261249-mc1.5.2
	- osl-keybinds 0.1.3+mc1.3.1-mc1.5.2
	- osl-lifecycle-events 0.5.6+mc1.3-pre-07261249-mc1.5.2
	- osl-networking 0.8.0+mc1.3-pre-07261249-mc1.5.2
	- osl-resource-loader 0.5.4+mc1.3-pre-07261249-mc13w07a
[22:09:48] [main/DEBUG] (FabricLoader/Knot) Adding C:\Users\Marpace\Documents\Minecraft Files\modding\simple 1.4.4 mod\ornithe-mod-template-fabric-merged\.gradle\loom-cache\remapped_mods\loom_mappings_1_4_4_layered_hash_1892481317_v2\net\ornithemc\osl\networking\0.8.0+mc1.3-pre-07261249-mc1.5.2\networking-0.8.0+mc1.3-pre-07261249-mc1.5.2.jar to classpath.
[22:09:48] [main/DEBUG] (FabricLoader/Knot) Adding C:\Users\Marpace\.gradle\caches\modules-2\files-2.1\io.github.llamalad7\mixinextras-fabric\0.4.1\8d1a9e96afb990367fa1f904d17580d164da72e3\mixinextras-fabric-0.4.1.jar to classpath.
[22:09:48] [main/DEBUG] (FabricLoader/Knot) Adding C:\Users\Marpace\Documents\Minecraft Files\modding\simple 1.4.4 mod\ornithe-mod-template-fabric-merged\build\resources\main to classpath.
[22:09:48] [main/DEBUG] (FabricLoader/Knot) Adding C:\Users\Marpace\Documents\Minecraft Files\modding\simple 1.4.4 mod\ornithe-mod-template-fabric-merged\.gradle\loom-cache\remapped_mods\loom_mappings_1_4_4_layered_hash_1892481317_v2\net\ornithemc\osl\config\0.5.2+mc1.3-pre-07261249-mc1.5.2\config-0.5.2+mc1.3-pre-07261249-mc1.5.2.jar to classpath.
[22:09:48] [main/DEBUG] (FabricLoader/Knot) Adding C:\Users\Marpace\Documents\Minecraft Files\modding\simple 1.4.4 mod\ornithe-mod-template-fabric-merged\.gradle\loom-cache\remapped_mods\loom_mappings_1_4_4_layered_hash_1892481317_v2\net\ornithemc\osl\branding\0.3.2+mc1.3-pre-07261249-mc1.5.2\branding-0.3.2+mc1.3-pre-07261249-mc1.5.2.jar to classpath.
[22:09:48] [main/DEBUG] (FabricLoader/Knot) Adding C:\Users\Marpace\Documents\Minecraft Files\modding\simple 1.4.4 mod\ornithe-mod-template-fabric-merged\.gradle\loom-cache\remapped_mods\loom_mappings_1_4_4_layered_hash_1892481317_v2\net\ornithemc\osl\resource-loader\0.5.4+mc1.3-pre-07261249-mc13w07a\resource-loader-0.5.4+mc1.3-pre-07261249-mc13w07a.jar to classpath.
[22:09:48] [main/DEBUG] (FabricLoader/Knot) Adding C:\Users\Marpace\Documents\Minecraft Files\modding\simple 1.4.4 mod\ornithe-mod-template-fabric-merged\.gradle\loom-cache\remapped_mods\loom_mappings_1_4_4_layered_hash_1892481317_v2\net\ornithemc\osl\core\0.6.0\core-0.6.0.jar to classpath.
[22:09:48] [main/DEBUG] (FabricLoader/Knot) Adding C:\Users\Marpace\Documents\Minecraft Files\modding\simple 1.4.4 mod\ornithe-mod-template-fabric-merged\.gradle\loom-cache\remapped_mods\loom_mappings_1_4_4_layered_hash_1892481317_v2\net\ornithemc\osl\entrypoints\0.4.3+mc1.3-pre-07261249-mc1.5.2\entrypoints-0.4.3+mc1.3-pre-07261249-mc1.5.2.jar to classpath.
[22:09:48] [main/DEBUG] (FabricLoader/Knot) Adding C:\Users\Marpace\Documents\Minecraft Files\modding\simple 1.4.4 mod\ornithe-mod-template-fabric-merged\.gradle\loom-cache\remapped_mods\loom_mappings_1_4_4_layered_hash_1892481317_v2\net\ornithemc\osl\keybinds\0.1.3+mc1.3.1-mc1.5.2\keybinds-0.1.3+mc1.3.1-mc1.5.2.jar to classpath.
[22:09:48] [main/DEBUG] (FabricLoader/Knot) Adding C:\Users\Marpace\Documents\Minecraft Files\modding\simple 1.4.4 mod\ornithe-mod-template-fabric-merged\.gradle\loom-cache\remapped_mods\loom_mappings_1_4_4_layered_hash_1892481317_v2\net\ornithemc\osl\lifecycle-events\0.5.6+mc1.3-pre-07261249-mc1.5.2\lifecycle-events-0.5.6+mc1.3-pre-07261249-mc1.5.2.jar to classpath.
[22:09:48] [main/DEBUG] (FabricLoader/Entrypoint) Registering new-style initializer net.ornithemc.osl.networking.impl.Networking for mod osl-networking (key init)
[22:09:48] [main/DEBUG] (FabricLoader/Entrypoint) Registering new-style initializer net.ornithemc.osl.networking.impl.Networking for mod osl-networking (key client-init)
[22:09:48] [main/DEBUG] (FabricLoader/Entrypoint) Registering new-style initializer com.example.example_mod.ExampleMod for mod example_mod (key init)
[22:09:48] [main/DEBUG] (FabricLoader/Entrypoint) Registering new-style initializer net.ornithemc.osl.config.impl.ConfigInitializer for mod osl-config (key init)
[22:09:48] [main/DEBUG] (FabricLoader/Entrypoint) Registering new-style initializer net.ornithemc.osl.config.impl.client.ClientConfigInitializer for mod osl-config (key client-init)
[22:09:48] [main/DEBUG] (FabricLoader/Entrypoint) Registering new-style initializer net.ornithemc.osl.config.impl.server.ServerConfigInitializer for mod osl-config (key server-init)
[22:09:48] [main/DEBUG] (FabricLoader/Entrypoint) Registering new-style initializer net.ornithemc.osl.branding.impl.BrandingPatchImpl for mod osl-branding (key client-init)
[22:09:48] [main/DEBUG] (FabricLoader/Entrypoint) Registering new-style initializer net.ornithemc.osl.resource.loader.impl.ResourceLoader for mod osl-resource-loader (key init)
[22:09:48] [main/DEBUG] (FabricLoader/Entrypoint) Registering new-style initializer net.ornithemc.osl.resource.loader.impl.ResourceLoader for mod osl-resource-loader (key client-init)
[22:09:48] [main/INFO] (FabricLoader/Mixin) SpongePowered MIXIN Subsystem Version=0.8.7 Source=file:/C:/Users/Marpace/.gradle/caches/modules-2/files-2.1/net.fabricmc/sponge-mixin/0.15.4+mixin.0.8.7/6a12aacc794f1078458433116e9ed42c1cc98096/sponge-mixin-0.15.4+mixin.0.8.7.jar Service=Knot/Fabric Env=CLIENT
[22:09:48] [main/DEBUG] (FabricLoader/Mixin) Initialising Mixin Platform Manager
[22:09:48] [main/DEBUG] (FabricLoader/Mixin) Adding mixin platform agents for container ContainerHandleURI(file:///C:/Users/Marpace/.gradle/caches/modules-2/files-2.1/net.fabricmc/fabric-loader/0.16.10/dbd932c2a3641d2c41cf9abfe47e140a5753fa86/fabric-loader-0.16.10.jar)
[22:09:48] [main/DEBUG] (FabricLoader/Mixin) Instancing new MixinPlatformAgentDefault for ContainerHandleURI(file:///C:/Users/Marpace/.gradle/caches/modules-2/files-2.1/net.fabricmc/fabric-loader/0.16.10/dbd932c2a3641d2c41cf9abfe47e140a5753fa86/fabric-loader-0.16.10.jar)
[22:09:48] [main/DEBUG] (FabricLoader/Mixin) MixinPlatformAgentDefault accepted container ContainerHandleURI(file:///C:/Users/Marpace/.gradle/caches/modules-2/files-2.1/net.fabricmc/fabric-loader/0.16.10/dbd932c2a3641d2c41cf9abfe47e140a5753fa86/fabric-loader-0.16.10.jar)
[22:09:48] [main/DEBUG] (FabricLoader/Mixin) Instancing new MixinPlatformAgentDefault for ContainerHandleURI(file:///C:/Users/Marpace/.gradle/caches/modules-2/files-2.1/net.fabricmc/fabric-loader/0.16.10/dbd932c2a3641d2c41cf9abfe47e140a5753fa86/fabric-loader-0.16.10.jar)
[22:09:48] [main/DEBUG] (FabricLoader/Mixin) MixinPlatformAgentDefault accepted container ContainerHandleURI(file:///C:/Users/Marpace/.gradle/caches/modules-2/files-2.1/net.fabricmc/fabric-loader/0.16.10/dbd932c2a3641d2c41cf9abfe47e140a5753fa86/fabric-loader-0.16.10.jar)
[22:09:48] [main/DEBUG] (FabricLoader/Mixin) Processing prepare() for PlatformAgent[MixinPlatformAgentDefault:ContainerHandleURI(file:///C:/Users/Marpace/.gradle/caches/modules-2/files-2.1/net.fabricmc/fabric-loader/0.16.10/dbd932c2a3641d2c41cf9abfe47e140a5753fa86/fabric-loader-0.16.10.jar)]
[22:09:48] [main/DEBUG] (FabricLoader/Mixin) Processing prepare() for PlatformAgent[MixinPlatformAgentDefault:ContainerHandleURI(file:///C:/Users/Marpace/.gradle/caches/modules-2/files-2.1/net.fabricmc/fabric-loader/0.16.10/dbd932c2a3641d2c41cf9abfe47e140a5753fa86/fabric-loader-0.16.10.jar)]
[22:09:48] [main/INFO] (FabricLoader/Mixin) Loaded Fabric development mappings for mixin remapper!
[22:09:48] [main/DEBUG] (FabricLoader/Knot) Adding C:\Users\Marpace\Documents\Minecraft Files\modding\simple 1.4.4 mod\ornithe-mod-template-fabric-merged\.gradle\loom-cache\minecraftMaven\net\minecraft\minecraft-merged-64fa7692f3\1.4.4-loom.mappings.1_4_4.layered+hash.1892481317-v2\minecraft-merged-64fa7692f3-1.4.4-loom.mappings.1_4_4.layered+hash.1892481317-v2.jar to classpath.
[22:09:48] [main/DEBUG] (FabricLoader/Knot) Adding C:\Users\Marpace\Documents\Minecraft Files\modding\simple 1.4.4 mod\ornithe-mod-template-fabric-merged\build\classes\java\main to classpath.
[22:09:48] [main/DEBUG] (FabricLoader/Knot) Adding C:\Users\Marpace\Documents\Minecraft Files\modding\simple 1.4.4 mod\ornithe-mod-template-fabric-merged\build\resources\main to classpath.
[22:09:48] [main/DEBUG] (FabricLoader/Knot) Adding C:\Users\Marpace\.gradle\caches\fabric-loom\1.4.4\loom.mappings.1_4_4.layered+hash.1892481317-v2\mappings.jar to classpath.
[22:09:48] [main/DEBUG] (FabricLoader/Knot) Adding C:\Users\Marpace\.gradle\caches\modules-2\files-2.1\io.github.llamalad7\mixinextras-fabric\0.4.1\8d1a9e96afb990367fa1f904d17580d164da72e3\mixinextras-fabric-0.4.1.jar to classpath.
[22:09:48] [main/DEBUG] (FabricLoader/Knot) Adding C:\Users\Marpace\.gradle\caches\modules-2\files-2.1\net.fabricmc\dev-launch-injector\0.2.1+build.8\da8bef7e6e2f952da707f282bdb46882a0fce5e3\dev-launch-injector-0.2.1+build.8.jar to classpath.
[22:09:48] [main/DEBUG] (FabricLoader/Knot) Adding C:\Users\Marpace\.gradle\caches\modules-2\files-2.1\org.apache.httpcomponents\httpclient\4.3.3\18f4247ff4572a074444572cee34647c43e7c9c7\httpclient-4.3.3.jar to classpath.
[22:09:48] [main/DEBUG] (FabricLoader/Knot) Adding C:\Users\Marpace\.gradle\caches\modules-2\files-2.1\org.apache.commons\commons-lang3\3.1\905075e6c80f206bbe6cf1e809d2caa69f420c76\commons-lang3-3.1.jar to classpath.
[22:09:48] [main/DEBUG] (FabricLoader/Knot) Adding C:\Users\Marpace\.gradle\caches\modules-2\files-2.1\org.apache.commons\commons-compress\1.8.1\a698750c16740fd5b3871425f4cb3bbaa87f529d\commons-compress-1.8.1.jar to classpath.
[22:09:48] [main/DEBUG] (FabricLoader/Knot) Adding C:\Users\Marpace\.gradle\caches\modules-2\files-2.1\com.google.guava\guava\14.0\67b7be4ee7ba48e4828a42d6d5069761186d4a53\guava-14.0.jar to classpath.
[22:09:48] [main/DEBUG] (FabricLoader/Knot) Adding C:\Users\Marpace\.gradle\caches\modules-2\files-2.1\it.unimi.dsi\fastutil\8.5.9\bb7ea75ecdb216654237830b3a96d87ad91f8cc5\fastutil-8.5.9.jar to classpath.
[22:09:48] [main/DEBUG] (FabricLoader/Knot) Adding C:\Users\Marpace\.gradle\caches\modules-2\files-2.1\org.apache.httpcomponents\httpcore\4.3.2\31fbbff1ddbf98f3aa7377c94d33b0447c646b6e\httpcore-4.3.2.jar to classpath.
[22:09:48] [main/DEBUG] (FabricLoader/Knot) Adding C:\Users\Marpace\.gradle\caches\modules-2\files-2.1\commons-io\commons-io\2.4\b1b6ea3b7e4aa4f492509a4952029cd8e48019ad\commons-io-2.4.jar to classpath.
[22:09:48] [main/DEBUG] (FabricLoader/Knot) Adding C:\Users\Marpace\.gradle\caches\modules-2\files-2.1\commons-codec\commons-codec\1.9\9ce04e34240f674bc72680f8b843b1457383161a\commons-codec-1.9.jar to classpath.
[22:09:48] [main/DEBUG] (FabricLoader/Knot) Adding C:\Users\Marpace\.gradle\caches\modules-2\files-2.1\commons-logging\commons-logging\1.1.3\f6f66e966c70a83ffbdb6f17a0919eaf7c8aca7f\commons-logging-1.1.3.jar to classpath.
[22:09:48] [main/DEBUG] (FabricLoader/Knot) Adding C:\Users\Marpace\.gradle\caches\modules-2\files-2.1\net.minecraft\launchwrapper\1.5\5150b9c2951f0fde987ce9c33496e26add1de224\launchwrapper-1.5.jar to classpath.
[22:09:48] [main/DEBUG] (FabricLoader/Knot) Adding C:\Users\Marpace\.gradle\caches\modules-2\files-2.1\net.sf.jopt-simple\jopt-simple\4.5\6065cc95c661255349c1d0756657be17c29a4fd3\jopt-simple-4.5.jar to classpath.
[22:09:48] [main/DEBUG] (FabricLoader/Knot) Adding C:\Users\Marpace\.gradle\caches\modules-2\files-2.1\net.java.jinput\jinput\2.0.5\39c7796b469a600f72380316f6b1f11db6c2c7c4\jinput-2.0.5.jar to classpath.
[22:09:48] [main/DEBUG] (FabricLoader/Knot) Adding C:\Users\Marpace\.gradle\caches\modules-2\files-2.1\net.java.jutils\jutils\1.0.0\e12fe1fda814bd348c1579329c86943d2cd3c6a6\jutils-1.0.0.jar to classpath.
[22:09:48] [main/DEBUG] (FabricLoader/Knot) Adding C:\Users\Marpace\.gradle\caches\modules-2\files-2.1\org.lwjgl.lwjgl\lwjgl\2.9.0\5654d06e61a1bba7ae1e7f5233e1106be64c91cd\lwjgl-2.9.0.jar to classpath.
[22:09:48] [main/DEBUG] (FabricLoader/Knot) Adding C:\Users\Marpace\.gradle\caches\modules-2\files-2.1\org.lwjgl.lwjgl\lwjgl_util\2.9.0\a778846b64008fc7f48ead2377f034e547991699\lwjgl_util-2.9.0.jar to classpath.
[22:09:48] [main/DEBUG] (FabricLoader/Knot) Adding C:\Users\Marpace\.gradle\caches\modules-2\files-2.1\org.quiltmc.parsers\json\0.2.1\46ddbb2d151f1679139bc27550c1664092881be2\json-0.2.1.jar to classpath.
[22:09:48] [main/DEBUG] (FabricLoader/Knot) Adding C:\Users\Marpace\.gradle\caches\modules-2\files-2.1\org.jetbrains\annotations\24.0.1\13c5c75c4206580aa4d683bffee658caae6c9f43\annotations-24.0.1.jar to classpath.
[22:09:48] [main/DEBUG] (FabricLoader/Knot) Adding C:\Users\Marpace\Documents\Minecraft Files\modding\simple 1.4.4 mod\ornithe-mod-template-fabric-merged\.gradle\loom-cache\remapped_mods\loom_mappings_1_4_4_layered_hash_1892481317_v2\net\ornithemc\osl\core\0.6.0\core-0.6.0.jar to classpath.
[22:09:48] [main/DEBUG] (FabricLoader/Knot) Adding C:\Users\Marpace\Documents\Minecraft Files\modding\simple 1.4.4 mod\ornithe-mod-template-fabric-merged\.gradle\loom-cache\remapped_mods\loom_mappings_1_4_4_layered_hash_1892481317_v2\net\ornithemc\osl\keybinds\0.1.3+mc1.3.1-mc1.5.2\keybinds-0.1.3+mc1.3.1-mc1.5.2.jar to classpath.
[22:09:48] [main/DEBUG] (FabricLoader/Knot) Adding C:\Users\Marpace\Documents\Minecraft Files\modding\simple 1.4.4 mod\ornithe-mod-template-fabric-merged\.gradle\loom-cache\remapped_mods\loom_mappings_1_4_4_layered_hash_1892481317_v2\net\ornithemc\osl\branding\0.3.2+mc1.3-pre-07261249-mc1.5.2\branding-0.3.2+mc1.3-pre-07261249-mc1.5.2.jar to classpath.
[22:09:48] [main/DEBUG] (FabricLoader/Knot) Adding C:\Users\Marpace\Documents\Minecraft Files\modding\simple 1.4.4 mod\ornithe-mod-template-fabric-merged\.gradle\loom-cache\remapped_mods\loom_mappings_1_4_4_layered_hash_1892481317_v2\net\ornithemc\osl\entrypoints\0.4.3+mc1.3-pre-07261249-mc1.5.2\entrypoints-0.4.3+mc1.3-pre-07261249-mc1.5.2.jar to classpath.
[22:09:48] [main/DEBUG] (FabricLoader/Knot) Adding C:\Users\Marpace\Documents\Minecraft Files\modding\simple 1.4.4 mod\ornithe-mod-template-fabric-merged\.gradle\loom-cache\remapped_mods\loom_mappings_1_4_4_layered_hash_1892481317_v2\net\ornithemc\osl\networking\0.8.0+mc1.3-pre-07261249-mc1.5.2\networking-0.8.0+mc1.3-pre-07261249-mc1.5.2.jar to classpath.
[22:09:48] [main/DEBUG] (FabricLoader/Knot) Adding C:\Users\Marpace\Documents\Minecraft Files\modding\simple 1.4.4 mod\ornithe-mod-template-fabric-merged\.gradle\loom-cache\remapped_mods\loom_mappings_1_4_4_layered_hash_1892481317_v2\net\ornithemc\osl\lifecycle-events\0.5.6+mc1.3-pre-07261249-mc1.5.2\lifecycle-events-0.5.6+mc1.3-pre-07261249-mc1.5.2.jar to classpath.
[22:09:48] [main/DEBUG] (FabricLoader/Knot) Adding C:\Users\Marpace\Documents\Minecraft Files\modding\simple 1.4.4 mod\ornithe-mod-template-fabric-merged\.gradle\loom-cache\remapped_mods\loom_mappings_1_4_4_layered_hash_1892481317_v2\net\ornithemc\osl\config\0.5.2+mc1.3-pre-07261249-mc1.5.2\config-0.5.2+mc1.3-pre-07261249-mc1.5.2.jar to classpath.
[22:09:48] [main/DEBUG] (FabricLoader/Knot) Adding C:\Users\Marpace\Documents\Minecraft Files\modding\simple 1.4.4 mod\ornithe-mod-template-fabric-merged\.gradle\loom-cache\remapped_mods\loom_mappings_1_4_4_layered_hash_1892481317_v2\net\ornithemc\osl\resource-loader\0.5.4+mc1.3-pre-07261249-mc13w07a\resource-loader-0.5.4+mc1.3-pre-07261249-mc13w07a.jar to classpath.
[22:09:48] [main/DEBUG] (FabricLoader/Knot) Adding C:\Users\Marpace\.gradle\caches\modules-2\files-2.1\org.jline\jline-reader\3.20.0\8f15415b022a25b473e8e16c28ae913186ffb9c4\jline-reader-3.20.0.jar to classpath.
[22:09:48] [main/DEBUG] (FabricLoader/Knot) Adding C:\Users\Marpace\.gradle\caches\modules-2\files-2.1\org.jline\jline-terminal\3.20.0\d0ddcc708ddf527a3454c941b7b9225cc83a15ff\jline-terminal-3.20.0.jar to classpath.
[22:09:48] [main/DEBUG] (FabricLoader/Entrypoint) No subscribers for entrypoint 'preLaunch'
[22:09:49] [AWT-EventQueue-0/DEBUG] (FabricLoader/Mixin) Preparing mixins for MixinEnvironment[DEFAULT]
[22:09:49] [AWT-EventQueue-0/DEBUG] (FabricLoader/Mixin) Selecting config osl.networking.mixins.json
[22:09:49] [AWT-EventQueue-0/DEBUG] (FabricLoader/Mixin) Remapping refMap osl-networking-refmap.json using remapper chain
[22:09:49] [AWT-EventQueue-0/DEBUG] (FabricLoader/Mixin) Selecting config mixinextras.init.mixins.json
[22:09:49] [AWT-EventQueue-0/DEBUG] (FabricLoader/MixinExtras|Service) com.llamalad7.mixinextras.service.MixinExtrasServiceImpl(version=0.4.1) is taking over from null
[22:09:49] [AWT-EventQueue-0/DEBUG] (FabricLoader/Mixin) Registering new injector for @Inject with org.spongepowered.asm.mixin.injection.struct.CallbackInjectionInfo
[22:09:49] [AWT-EventQueue-0/DEBUG] (FabricLoader/Mixin) Registering new injector for @ModifyArg with org.spongepowered.asm.mixin.injection.struct.ModifyArgInjectionInfo
[22:09:49] [AWT-EventQueue-0/DEBUG] (FabricLoader/Mixin) Registering new injector for @ModifyArgs with org.spongepowered.asm.mixin.injection.struct.ModifyArgsInjectionInfo
[22:09:49] [AWT-EventQueue-0/DEBUG] (FabricLoader/Mixin) Registering new injector for @Redirect with org.spongepowered.asm.mixin.injection.struct.RedirectInjectionInfo
[22:09:49] [AWT-EventQueue-0/DEBUG] (FabricLoader/Mixin) Registering new injector for @ModifyVariable with org.spongepowered.asm.mixin.injection.struct.ModifyVariableInjectionInfo
[22:09:49] [AWT-EventQueue-0/DEBUG] (FabricLoader/Mixin) Registering new injector for @ModifyConstant with org.spongepowered.asm.mixin.injection.struct.ModifyConstantInjectionInfo
[22:09:49] [AWT-EventQueue-0/DEBUG] (FabricLoader/Mixin) Selecting config example_mod.mixins.json
[22:09:49] [AWT-EventQueue-0/DEBUG] (FabricLoader/Mixin) Selecting config osl.config.mixins.json
[22:09:49] [AWT-EventQueue-0/DEBUG] (FabricLoader/Mixin) Remapping refMap osl-config-refmap.json using remapper chain
[22:09:49] [AWT-EventQueue-0/DEBUG] (FabricLoader/Mixin) Selecting config osl.branding.mixins.json
[22:09:49] [AWT-EventQueue-0/DEBUG] (FabricLoader/Mixin) Remapping refMap osl-branding-refmap.json using remapper chain
[22:09:49] [AWT-EventQueue-0/DEBUG] (FabricLoader/Mixin) Selecting config osl.resource-loader.mixins.json
[22:09:49] [AWT-EventQueue-0/DEBUG] (FabricLoader/Mixin) Remapping refMap osl-resource-loader-refmap.json using remapper chain
[22:09:49] [AWT-EventQueue-0/DEBUG] (FabricLoader/Mixin) Selecting config osl.entrypoints.mixins.json
[22:09:49] [AWT-EventQueue-0/DEBUG] (FabricLoader/Mixin) Remapping refMap osl-entrypoints-refmap.json using remapper chain
[22:09:49] [AWT-EventQueue-0/DEBUG] (FabricLoader/Mixin) Selecting config osl.keybinds.mixins.json
[22:09:49] [AWT-EventQueue-0/DEBUG] (FabricLoader/Mixin) Remapping refMap osl-keybinds-refmap.json using remapper chain
[22:09:49] [AWT-EventQueue-0/DEBUG] (FabricLoader/Mixin) Selecting config osl.lifecycle-events.mixins.json
[22:09:49] [AWT-EventQueue-0/DEBUG] (FabricLoader/Mixin) Remapping refMap osl-lifecycle-events-refmap.json using remapper chain
[22:09:49] [AWT-EventQueue-0/DEBUG] (FabricLoader/Mixin) Preparing osl.networking.mixins.json (3)
[22:09:49] [AWT-EventQueue-0/DEBUG] (FabricLoader/Mixin) Preparing mixinextras.init.mixins.json (0)
[22:09:49] [AWT-EventQueue-0/DEBUG] (FabricLoader/Mixin) Preparing example_mod.mixins.json (2)
[22:09:49] [AWT-EventQueue-0/DEBUG] (FabricLoader/Mixin) Preparing osl.config.mixins.json (3)
[22:09:49] [AWT-EventQueue-0/DEBUG] (FabricLoader/Mixin) Preparing osl.branding.mixins.json (1)
[22:09:49] [AWT-EventQueue-0/DEBUG] (FabricLoader/Mixin) Preparing osl.resource-loader.mixins.json (2)
[22:09:49] [AWT-EventQueue-0/DEBUG] (FabricLoader/Mixin) Preparing osl.entrypoints.mixins.json (2)
[22:09:49] [AWT-EventQueue-0/DEBUG] (FabricLoader/Mixin) Preparing osl.keybinds.mixins.json (1)
[22:09:49] [AWT-EventQueue-0/DEBUG] (FabricLoader/Mixin) Preparing osl.lifecycle-events.mixins.json (4)
[22:09:49] [AWT-EventQueue-0/INFO] (FabricLoader/MixinExtras|Service) Initializing MixinExtras via com.llamalad7.mixinextras.service.MixinExtrasServiceImpl(version=0.4.1).
[22:09:49] [AWT-EventQueue-0/DEBUG] (FabricLoader/Mixin) Registering new injector for @SugarWrapper with com.llamalad7.mixinextras.sugar.impl.SugarWrapperInjectionInfo
[22:09:49] [AWT-EventQueue-0/DEBUG] (FabricLoader/Mixin) Registering new injector for @FactoryRedirectWrapper with com.llamalad7.mixinextras.wrapper.factory.FactoryRedirectWrapperInjectionInfo
[22:09:49] [AWT-EventQueue-0/DEBUG] (FabricLoader/Mixin) Mixing client.MinecraftAppletMixin from osl.entrypoints.mixins.json into net.minecraft.client.MinecraftApplet
[22:09:49] [AWT-EventQueue-0/DEBUG] (FabricLoader/Mixin) osl.entrypoints.mixins.json:client.MinecraftAppletMixin from mod osl-entrypoints->@Inject::osl$entrypoints$init(Lorg/spongepowered/asm/mixin/injection/callback/CallbackInfo;)V doesn't use it's CallbackInfo
[22:09:49] [AWT-EventQueue-0/DEBUG] (FabricLoader/Mixin) osl.entrypoints.mixins.json:client.MinecraftAppletMixin from mod osl-entrypoints->@Inject::osl$entrypoints$init(Lorg/spongepowered/asm/mixin/injection/callback/CallbackInfo;)V has 0 override(s) in child classes
[22:09:49] [AWT-EventQueue-0/DEBUG] (FabricLoader/Mixin) osl.entrypoints.mixins.json:client.MinecraftAppletMixin from mod osl-entrypoints->@Inject::osl$entrypoints$init(Lorg/spongepowered/asm/mixin/injection/callback/CallbackInfo;)V won't be passed a CallbackInfo as a result
[22:09:49] [AWT-EventQueue-0/DEBUG] (FabricLoader/Mixin) Mixing client.MinecraftMixin from osl.lifecycle-events.mixins.json into net.minecraft.client.Minecraft
[22:09:49] [AWT-EventQueue-0/DEBUG] (FabricLoader/Mixin) osl.lifecycle-events.mixins.json:client.MinecraftMixin from mod osl-lifecycle-events->@Inject::osl$lifecycle$start(Lorg/spongepowered/asm/mixin/injection/callback/CallbackInfo;)V doesn't use it's CallbackInfo
[22:09:49] [AWT-EventQueue-0/DEBUG] (FabricLoader/Mixin) osl.lifecycle-events.mixins.json:client.MinecraftMixin from mod osl-lifecycle-events->@Inject::osl$lifecycle$start(Lorg/spongepowered/asm/mixin/injection/callback/CallbackInfo;)V has 0 override(s) in child classes
[22:09:49] [AWT-EventQueue-0/DEBUG] (FabricLoader/Mixin) osl.lifecycle-events.mixins.json:client.MinecraftMixin from mod osl-lifecycle-events->@Inject::osl$lifecycle$start(Lorg/spongepowered/asm/mixin/injection/callback/CallbackInfo;)V won't be passed a CallbackInfo as a result
[22:09:49] [AWT-EventQueue-0/DEBUG] (FabricLoader/Mixin) osl.lifecycle-events.mixins.json:client.MinecraftMixin from mod osl-lifecycle-events->@Inject::osl$lifecycle$ready(Lorg/spongepowered/asm/mixin/injection/callback/CallbackInfo;)V doesn't use it's CallbackInfo
[22:09:49] [AWT-EventQueue-0/DEBUG] (FabricLoader/Mixin) osl.lifecycle-events.mixins.json:client.MinecraftMixin from mod osl-lifecycle-events->@Inject::osl$lifecycle$ready(Lorg/spongepowered/asm/mixin/injection/callback/CallbackInfo;)V has 0 override(s) in child classes
[22:09:49] [AWT-EventQueue-0/DEBUG] (FabricLoader/Mixin) osl.lifecycle-events.mixins.json:client.MinecraftMixin from mod osl-lifecycle-events->@Inject::osl$lifecycle$ready(Lorg/spongepowered/asm/mixin/injection/callback/CallbackInfo;)V won't be passed a CallbackInfo as a result
[22:09:49] [AWT-EventQueue-0/DEBUG] (FabricLoader/Mixin) osl.lifecycle-events.mixins.json:client.MinecraftMixin from mod osl-lifecycle-events->@Inject::osl$lifecycle$stop(Lorg/spongepowered/asm/mixin/injection/callback/CallbackInfo;)V doesn't use it's CallbackInfo
[22:09:49] [AWT-EventQueue-0/DEBUG] (FabricLoader/Mixin) osl.lifecycle-events.mixins.json:client.MinecraftMixin from mod osl-lifecycle-events->@Inject::osl$lifecycle$stop(Lorg/spongepowered/asm/mixin/injection/callback/CallbackInfo;)V has 0 override(s) in child classes
[22:09:49] [AWT-EventQueue-0/DEBUG] (FabricLoader/Mixin) osl.lifecycle-events.mixins.json:client.MinecraftMixin from mod osl-lifecycle-events->@Inject::osl$lifecycle$stop(Lorg/spongepowered/asm/mixin/injection/callback/CallbackInfo;)V won't be passed a CallbackInfo as a result
[22:09:49] [AWT-EventQueue-0/DEBUG] (FabricLoader/Mixin) osl.lifecycle-events.mixins.json:client.MinecraftMixin from mod osl-lifecycle-events->@Inject::osl$lifecycle$startTick(Lorg/spongepowered/asm/mixin/injection/callback/CallbackInfo;)V doesn't use it's CallbackInfo
[22:09:49] [AWT-EventQueue-0/DEBUG] (FabricLoader/Mixin) osl.lifecycle-events.mixins.json:client.MinecraftMixin from mod osl-lifecycle-events->@Inject::osl$lifecycle$startTick(Lorg/spongepowered/asm/mixin/injection/callback/CallbackInfo;)V has 0 override(s) in child classes
[22:09:49] [AWT-EventQueue-0/DEBUG] (FabricLoader/Mixin) osl.lifecycle-events.mixins.json:client.MinecraftMixin from mod osl-lifecycle-events->@Inject::osl$lifecycle$startTick(Lorg/spongepowered/asm/mixin/injection/callback/CallbackInfo;)V won't be passed a CallbackInfo as a result
[22:09:49] [AWT-EventQueue-0/DEBUG] (FabricLoader/Mixin) osl.lifecycle-events.mixins.json:client.MinecraftMixin from mod osl-lifecycle-events->@Inject::osl$lifecycle$endTick(Lorg/spongepowered/asm/mixin/injection/callback/CallbackInfo;)V doesn't use it's CallbackInfo
[22:09:49] [AWT-EventQueue-0/DEBUG] (FabricLoader/Mixin) osl.lifecycle-events.mixins.json:client.MinecraftMixin from mod osl-lifecycle-events->@Inject::osl$lifecycle$endTick(Lorg/spongepowered/asm/mixin/injection/callback/CallbackInfo;)V has 0 override(s) in child classes
[22:09:49] [AWT-EventQueue-0/DEBUG] (FabricLoader/Mixin) osl.lifecycle-events.mixins.json:client.MinecraftMixin from mod osl-lifecycle-events->@Inject::osl$lifecycle$endTick(Lorg/spongepowered/asm/mixin/injection/callback/CallbackInfo;)V won't be passed a CallbackInfo as a result
[22:09:49] [AWT-EventQueue-0/DEBUG] (FabricLoader/Entrypoint) Iterating over entrypoint 'client-init'
[22:09:49] [AWT-EventQueue-0/DEBUG] (FabricLoader/Mixin) Mixing client.ClientNetworkHandlerMixin from osl.networking.mixins.json into net.minecraft.client.network.handler.ClientNetworkHandler
[22:09:49] [AWT-EventQueue-0/DEBUG] (FabricLoader/Mixin) osl.networking.mixins.json:client.ClientNetworkHandlerMixin from mod osl-networking->@Inject::osl$networking$handleLogin(Lorg/spongepowered/asm/mixin/injection/callback/CallbackInfo;)V doesn't use it's CallbackInfo
[22:09:49] [AWT-EventQueue-0/DEBUG] (FabricLoader/Mixin) osl.networking.mixins.json:client.ClientNetworkHandlerMixin from mod osl-networking->@Inject::osl$networking$handleLogin(Lorg/spongepowered/asm/mixin/injection/callback/CallbackInfo;)V has 0 override(s) in child classes
[22:09:49] [AWT-EventQueue-0/DEBUG] (FabricLoader/Mixin) osl.networking.mixins.json:client.ClientNetworkHandlerMixin from mod osl-networking->@Inject::osl$networking$handleLogin(Lorg/spongepowered/asm/mixin/injection/callback/CallbackInfo;)V won't be passed a CallbackInfo as a result
[22:09:49] [AWT-EventQueue-0/DEBUG] (FabricLoader/Mixin) osl.networking.mixins.json:client.ClientNetworkHandlerMixin from mod osl-networking->@Inject::osl$networking$handleDisconnect(Lorg/spongepowered/asm/mixin/injection/callback/CallbackInfo;)V doesn't use it's CallbackInfo
[22:09:49] [AWT-EventQueue-0/DEBUG] (FabricLoader/Mixin) osl.networking.mixins.json:client.ClientNetworkHandlerMixin from mod osl-networking->@Inject::osl$networking$handleDisconnect(Lorg/spongepowered/asm/mixin/injection/callback/CallbackInfo;)V has 0 override(s) in child classes
[22:09:49] [AWT-EventQueue-0/DEBUG] (FabricLoader/Mixin) osl.networking.mixins.json:client.ClientNetworkHandlerMixin from mod osl-networking->@Inject::osl$networking$handleDisconnect(Lorg/spongepowered/asm/mixin/injection/callback/CallbackInfo;)V won't be passed a CallbackInfo as a result
[22:09:49] [AWT-EventQueue-0/DEBUG] (FabricLoader/Mixin) osl.networking.mixins.json:client.ClientNetworkHandlerMixin from mod osl-networking->@Inject::osl$networking$handleCustomPayload(Lnet/minecraft/network/packet/CustomPayloadPacket;Lorg/spongepowered/asm/mixin/injection/callback/CallbackInfo;)V does use it's CallbackInfo
[22:09:49] [AWT-EventQueue-0/DEBUG] (FabricLoader/Entrypoint) Iterating over entrypoint 'init'
[22:09:49] [AWT-EventQueue-0/DEBUG] (FabricLoader/Mixin) Mixing common.MinecraftServerMixin from osl.config.mixins.json into net.minecraft.server.MinecraftServer
[22:09:49] [AWT-EventQueue-0/DEBUG] (FabricLoader/Mixin) Mixing common.MinecraftServerMixin from osl.lifecycle-events.mixins.json into net.minecraft.server.MinecraftServer
[22:09:49] [AWT-EventQueue-0/DEBUG] (FabricLoader/Mixin) osl.lifecycle-events.mixins.json:common.MinecraftServerMixin from mod osl-lifecycle-events->@Inject::osl$lifecycle$start(Lorg/spongepowered/asm/mixin/injection/callback/CallbackInfo;)V doesn't use it's CallbackInfo
[22:09:49] [AWT-EventQueue-0/DEBUG] (FabricLoader/Mixin) osl.lifecycle-events.mixins.json:common.MinecraftServerMixin from mod osl-lifecycle-events->@Inject::osl$lifecycle$start(Lorg/spongepowered/asm/mixin/injection/callback/CallbackInfo;)V has 0 override(s) in child classes
[22:09:49] [AWT-EventQueue-0/DEBUG] (FabricLoader/Mixin) osl.lifecycle-events.mixins.json:common.MinecraftServerMixin from mod osl-lifecycle-events->@Inject::osl$lifecycle$start(Lorg/spongepowered/asm/mixin/injection/callback/CallbackInfo;)V won't be passed a CallbackInfo as a result
[22:09:49] [AWT-EventQueue-0/DEBUG] (FabricLoader/Mixin) osl.lifecycle-events.mixins.json:common.MinecraftServerMixin from mod osl-lifecycle-events->@Inject::osl$lifecycle$ready(Lorg/spongepowered/asm/mixin/injection/callback/CallbackInfo;)V doesn't use it's CallbackInfo
[22:09:49] [AWT-EventQueue-0/DEBUG] (FabricLoader/Mixin) osl.lifecycle-events.mixins.json:common.MinecraftServerMixin from mod osl-lifecycle-events->@Inject::osl$lifecycle$ready(Lorg/spongepowered/asm/mixin/injection/callback/CallbackInfo;)V has 0 override(s) in child classes
[22:09:49] [AWT-EventQueue-0/DEBUG] (FabricLoader/Mixin) osl.lifecycle-events.mixins.json:common.MinecraftServerMixin from mod osl-lifecycle-events->@Inject::osl$lifecycle$ready(Lorg/spongepowered/asm/mixin/injection/callback/CallbackInfo;)V won't be passed a CallbackInfo as a result
[22:09:49] [AWT-EventQueue-0/DEBUG] (FabricLoader/Mixin) osl.lifecycle-events.mixins.json:common.MinecraftServerMixin from mod osl-lifecycle-events->@Inject::osl$lifecycle$stop(Lorg/spongepowered/asm/mixin/injection/callback/CallbackInfo;)V doesn't use it's CallbackInfo
[22:09:49] [AWT-EventQueue-0/DEBUG] (FabricLoader/Mixin) osl.lifecycle-events.mixins.json:common.MinecraftServerMixin from mod osl-lifecycle-events->@Inject::osl$lifecycle$stop(Lorg/spongepowered/asm/mixin/injection/callback/CallbackInfo;)V has 0 override(s) in child classes
[22:09:49] [AWT-EventQueue-0/DEBUG] (FabricLoader/Mixin) osl.lifecycle-events.mixins.json:common.MinecraftServerMixin from mod osl-lifecycle-events->@Inject::osl$lifecycle$stop(Lorg/spongepowered/asm/mixin/injection/callback/CallbackInfo;)V won't be passed a CallbackInfo as a result
[22:09:49] [AWT-EventQueue-0/DEBUG] (FabricLoader/Mixin) osl.lifecycle-events.mixins.json:common.MinecraftServerMixin from mod osl-lifecycle-events->@Inject::osl$lifecycle$startTick(Lorg/spongepowered/asm/mixin/injection/callback/CallbackInfo;)V doesn't use it's CallbackInfo
[22:09:49] [AWT-EventQueue-0/DEBUG] (FabricLoader/Mixin) osl.lifecycle-events.mixins.json:common.MinecraftServerMixin from mod osl-lifecycle-events->@Inject::osl$lifecycle$startTick(Lorg/spongepowered/asm/mixin/injection/callback/CallbackInfo;)V has 0 override(s) in child classes
[22:09:49] [AWT-EventQueue-0/DEBUG] (FabricLoader/Mixin) osl.lifecycle-events.mixins.json:common.MinecraftServerMixin from mod osl-lifecycle-events->@Inject::osl$lifecycle$startTick(Lorg/spongepowered/asm/mixin/injection/callback/CallbackInfo;)V won't be passed a CallbackInfo as a result
[22:09:49] [AWT-EventQueue-0/DEBUG] (FabricLoader/Mixin) osl.lifecycle-events.mixins.json:common.MinecraftServerMixin from mod osl-lifecycle-events->@Inject::osl$lifecycle$endTick(Lorg/spongepowered/asm/mixin/injection/callback/CallbackInfo;)V doesn't use it's CallbackInfo
[22:09:49] [AWT-EventQueue-0/DEBUG] (FabricLoader/Mixin) osl.lifecycle-events.mixins.json:common.MinecraftServerMixin from mod osl-lifecycle-events->@Inject::osl$lifecycle$endTick(Lorg/spongepowered/asm/mixin/injection/callback/CallbackInfo;)V has 0 override(s) in child classes
[22:09:49] [AWT-EventQueue-0/DEBUG] (FabricLoader/Mixin) osl.lifecycle-events.mixins.json:common.MinecraftServerMixin from mod osl-lifecycle-events->@Inject::osl$lifecycle$endTick(Lorg/spongepowered/asm/mixin/injection/callback/CallbackInfo;)V won't be passed a CallbackInfo as a result
[22:09:49] [AWT-EventQueue-0/DEBUG] (FabricLoader/Mixin) osl.lifecycle-events.mixins.json:common.MinecraftServerMixin from mod osl-lifecycle-events->@Inject::osl$lifecycle$loadWorld(Lorg/spongepowered/asm/mixin/injection/callback/CallbackInfo;)V doesn't use it's CallbackInfo
[22:09:49] [AWT-EventQueue-0/DEBUG] (FabricLoader/Mixin) osl.lifecycle-events.mixins.json:common.MinecraftServerMixin from mod osl-lifecycle-events->@Inject::osl$lifecycle$loadWorld(Lorg/spongepowered/asm/mixin/injection/callback/CallbackInfo;)V has 0 override(s) in child classes
[22:09:49] [AWT-EventQueue-0/DEBUG] (FabricLoader/Mixin) osl.lifecycle-events.mixins.json:common.MinecraftServerMixin from mod osl-lifecycle-events->@Inject::osl$lifecycle$loadWorld(Lorg/spongepowered/asm/mixin/injection/callback/CallbackInfo;)V won't be passed a CallbackInfo as a result
[22:09:49] [AWT-EventQueue-0/DEBUG] (FabricLoader/Mixin) osl.lifecycle-events.mixins.json:common.MinecraftServerMixin from mod osl-lifecycle-events->@Inject::osl$lifecycle$prepareWorld(Lorg/spongepowered/asm/mixin/injection/callback/CallbackInfo;)V doesn't use it's CallbackInfo
[22:09:49] [AWT-EventQueue-0/DEBUG] (FabricLoader/Mixin) osl.lifecycle-events.mixins.json:common.MinecraftServerMixin from mod osl-lifecycle-events->@Inject::osl$lifecycle$prepareWorld(Lorg/spongepowered/asm/mixin/injection/callback/CallbackInfo;)V has 0 override(s) in child classes
[22:09:49] [AWT-EventQueue-0/DEBUG] (FabricLoader/Mixin) osl.lifecycle-events.mixins.json:common.MinecraftServerMixin from mod osl-lifecycle-events->@Inject::osl$lifecycle$prepareWorld(Lorg/spongepowered/asm/mixin/injection/callback/CallbackInfo;)V won't be passed a CallbackInfo as a result
[22:09:49] [AWT-EventQueue-0/DEBUG] (FabricLoader/Mixin) osl.lifecycle-events.mixins.json:common.MinecraftServerMixin from mod osl-lifecycle-events->@Inject::osl$lifecycle$readyWorld(Lorg/spongepowered/asm/mixin/injection/callback/CallbackInfo;)V doesn't use it's CallbackInfo
[22:09:49] [AWT-EventQueue-0/DEBUG] (FabricLoader/Mixin) osl.lifecycle-events.mixins.json:common.MinecraftServerMixin from mod osl-lifecycle-events->@Inject::osl$lifecycle$readyWorld(Lorg/spongepowered/asm/mixin/injection/callback/CallbackInfo;)V has 0 override(s) in child classes
[22:09:49] [AWT-EventQueue-0/DEBUG] (FabricLoader/Mixin) osl.lifecycle-events.mixins.json:common.MinecraftServerMixin from mod osl-lifecycle-events->@Inject::osl$lifecycle$readyWorld(Lorg/spongepowered/asm/mixin/injection/callback/CallbackInfo;)V won't be passed a CallbackInfo as a result
[22:09:49] [AWT-EventQueue-0/DEBUG] (FabricLoader/Mixin) Mixing common.ServerPlayNetworkHandlerMixin from osl.networking.mixins.json into net.minecraft.server.network.handler.ServerPlayNetworkHandler
[22:09:49] [AWT-EventQueue-0/DEBUG] (FabricLoader/Mixin) osl.networking.mixins.json:common.ServerPlayNetworkHandlerMixin from mod osl-networking->@Inject::osl$networking$handleDisconnect(Lorg/spongepowered/asm/mixin/injection/callback/CallbackInfo;)V doesn't use it's CallbackInfo
[22:09:49] [AWT-EventQueue-0/DEBUG] (FabricLoader/Mixin) osl.networking.mixins.json:common.ServerPlayNetworkHandlerMixin from mod osl-networking->@Inject::osl$networking$handleDisconnect(Lorg/spongepowered/asm/mixin/injection/callback/CallbackInfo;)V has 0 override(s) in child classes
[22:09:49] [AWT-EventQueue-0/DEBUG] (FabricLoader/Mixin) osl.networking.mixins.json:common.ServerPlayNetworkHandlerMixin from mod osl-networking->@Inject::osl$networking$handleDisconnect(Lorg/spongepowered/asm/mixin/injection/callback/CallbackInfo;)V won't be passed a CallbackInfo as a result
[22:09:49] [AWT-EventQueue-0/DEBUG] (FabricLoader/Mixin) osl.networking.mixins.json:common.ServerPlayNetworkHandlerMixin from mod osl-networking->@Inject::osl$networking$handleCustomPayload(Lnet/minecraft/network/packet/CustomPayloadPacket;Lorg/spongepowered/asm/mixin/injection/callback/CallbackInfo;)V does use it's CallbackInfo
[22:09:49] [AWT-EventQueue-0/INFO] (Example Mod) initializing example mod!
[22:09:49] [AWT-EventQueue-0/DEBUG] (FabricLoader/Mixin) Mixing client.ClientWorldMixin from osl.lifecycle-events.mixins.json into net.minecraft.client.world.ClientWorld
[22:09:49] [AWT-EventQueue-0/DEBUG] (FabricLoader/Mixin) osl.lifecycle-events.mixins.json:client.ClientWorldMixin from mod osl-lifecycle-events->@Inject::osl$lifecycle$startTick(Lorg/spongepowered/asm/mixin/injection/callback/CallbackInfo;)V doesn't use it's CallbackInfo
[22:09:49] [AWT-EventQueue-0/DEBUG] (FabricLoader/Mixin) osl.lifecycle-events.mixins.json:client.ClientWorldMixin from mod osl-lifecycle-events->@Inject::osl$lifecycle$startTick(Lorg/spongepowered/asm/mixin/injection/callback/CallbackInfo;)V has 0 override(s) in child classes
[22:09:49] [AWT-EventQueue-0/DEBUG] (FabricLoader/Mixin) osl.lifecycle-events.mixins.json:client.ClientWorldMixin from mod osl-lifecycle-events->@Inject::osl$lifecycle$startTick(Lorg/spongepowered/asm/mixin/injection/callback/CallbackInfo;)V won't be passed a CallbackInfo as a result
[22:09:49] [AWT-EventQueue-0/DEBUG] (FabricLoader/Mixin) osl.lifecycle-events.mixins.json:client.ClientWorldMixin from mod osl-lifecycle-events->@Inject::osl$lifecycle$endTick(Lorg/spongepowered/asm/mixin/injection/callback/CallbackInfo;)V doesn't use it's CallbackInfo
[22:09:49] [AWT-EventQueue-0/DEBUG] (FabricLoader/Mixin) osl.lifecycle-events.mixins.json:client.ClientWorldMixin from mod osl-lifecycle-events->@Inject::osl$lifecycle$endTick(Lorg/spongepowered/asm/mixin/injection/callback/CallbackInfo;)V has 0 override(s) in child classes
[22:09:49] [AWT-EventQueue-0/DEBUG] (FabricLoader/Mixin) osl.lifecycle-events.mixins.json:client.ClientWorldMixin from mod osl-lifecycle-events->@Inject::osl$lifecycle$endTick(Lorg/spongepowered/asm/mixin/injection/callback/CallbackInfo;)V won't be passed a CallbackInfo as a result
[22:09:49] [AWT-EventQueue-0/DEBUG] (FabricLoader/Mixin) Mixing TitleScreenMixin from example_mod.mixins.json into net.minecraft.client.gui.screen.TitleScreen
[22:09:49] [AWT-EventQueue-0/DEBUG] (FabricLoader/Mixin) Mixing client.TitleScreenMixin from osl.branding.mixins.json into net.minecraft.client.gui.screen.TitleScreen
[22:09:49] [AWT-EventQueue-0/DEBUG] (FabricLoader/Mixin) example_mod.mixins.json:TitleScreenMixin from mod example_mod->@Inject::exampleMod$onInit(Lorg/spongepowered/asm/mixin/injection/callback/CallbackInfo;)V doesn't use it's CallbackInfo
[22:09:49] [AWT-EventQueue-0/DEBUG] (FabricLoader/Mixin) example_mod.mixins.json:TitleScreenMixin from mod example_mod->@Inject::exampleMod$onInit(Lorg/spongepowered/asm/mixin/injection/callback/CallbackInfo;)V has 0 override(s) in child classes
[22:09:49] [AWT-EventQueue-0/DEBUG] (FabricLoader/Mixin) example_mod.mixins.json:TitleScreenMixin from mod example_mod->@Inject::exampleMod$onInit(Lorg/spongepowered/asm/mixin/injection/callback/CallbackInfo;)V won't be passed a CallbackInfo as a result
[22:09:49] [AWT-EventQueue-0/DEBUG] (FabricLoader/Mixin) Mixing client.LanguageManagerMixin from osl.resource-loader.mixins.json into net.minecraft.locale.LanguageManager
[22:09:49] [AWT-EventQueue-0/DEBUG] (FabricLoader/Mixin) osl.resource-loader.mixins.json:client.LanguageManagerMixin from mod osl-resource-loader->@Inject::osl$resource_loader$loadModTranslations(Ljava/util/Properties;Ljava/lang/String;Lorg/spongepowered/asm/mixin/injection/callback/CallbackInfo;)V doesn't use it's CallbackInfo
[22:09:49] [AWT-EventQueue-0/DEBUG] (FabricLoader/Mixin) osl.resource-loader.mixins.json:client.LanguageManagerMixin from mod osl-resource-loader->@Inject::osl$resource_loader$loadModTranslations(Ljava/util/Properties;Ljava/lang/String;Lorg/spongepowered/asm/mixin/injection/callback/CallbackInfo;)V has 0 override(s) in child classes
[22:09:49] [AWT-EventQueue-0/DEBUG] (FabricLoader/Mixin) osl.resource-loader.mixins.json:client.LanguageManagerMixin from mod osl-resource-loader->@Inject::osl$resource_loader$loadModTranslations(Ljava/util/Properties;Ljava/lang/String;Lorg/spongepowered/asm/mixin/injection/callback/CallbackInfo;)V won't be passed a CallbackInfo as a result
[22:09:49] [AWT-EventQueue-0/DEBUG] (FabricLoader/Mixin) Mixing client.AbstractTexturePackMixin from osl.resource-loader.mixins.json into net.minecraft.client.resource.pack.AbstractTexturePack
[22:09:49] [AWT-EventQueue-0/DEBUG] (FabricLoader/Mixin) osl.resource-loader.mixins.json:client.AbstractTexturePackMixin from mod osl-resource-loader->@Inject::osl$resource_loader$init(Lorg/spongepowered/asm/mixin/injection/callback/CallbackInfo;)V doesn't use it's CallbackInfo
[22:09:49] [AWT-EventQueue-0/DEBUG] (FabricLoader/Mixin) osl.resource-loader.mixins.json:client.AbstractTexturePackMixin from mod osl-resource-loader->@Inject::osl$resource_loader$init(Lorg/spongepowered/asm/mixin/injection/callback/CallbackInfo;)V has 0 override(s) in child classes
[22:09:49] [AWT-EventQueue-0/DEBUG] (FabricLoader/Mixin) osl.resource-loader.mixins.json:client.AbstractTexturePackMixin from mod osl-resource-loader->@Inject::osl$resource_loader$init(Lorg/spongepowered/asm/mixin/injection/callback/CallbackInfo;)V won't be passed a CallbackInfo as a result
[22:09:49] [AWT-EventQueue-0/DEBUG] (FabricLoader/Mixin) osl.resource-loader.mixins.json:client.AbstractTexturePackMixin from mod osl-resource-loader->@Inject::osl$resource_loader$getResource(Ljava/lang/String;Lorg/spongepowered/asm/mixin/injection/callback/CallbackInfoReturnable;)V does use it's CallbackInfoReturnable
[22:09:49] [AWT-EventQueue-0/DEBUG] (FabricLoader/Entrypoint) No subscribers for entrypoint 'main'
[22:09:49] [AWT-EventQueue-0/DEBUG] (FabricLoader/Entrypoint) No subscribers for entrypoint 'client'
[22:09:49] [Minecraft main thread/DEBUG] (FabricLoader/Mixin) Mixing common.WorldStorageMixin from osl.config.mixins.json into net.minecraft.world.storage.WorldStorage
[22:09:49] [Minecraft main thread/DEBUG] (FabricLoader/Mixin) Mixing client.GameOptionsMixin from osl.keybinds.mixins.json into net.minecraft.client.options.GameOptions
[22:09:49] [Minecraft main thread/DEBUG] (FabricLoader/Mixin) osl.keybinds.mixins.json:client.GameOptionsMixin from mod osl-keybinds->@Inject::osl$keybinds$registerKeybinds(Lorg/spongepowered/asm/mixin/injection/callback/CallbackInfo;)V doesn't use it's CallbackInfo
[22:09:49] [Minecraft main thread/DEBUG] (FabricLoader/Mixin) osl.keybinds.mixins.json:client.GameOptionsMixin from mod osl-keybinds->@Inject::osl$keybinds$registerKeybinds(Lorg/spongepowered/asm/mixin/injection/callback/CallbackInfo;)V has 0 override(s) in child classes
[22:09:49] [Minecraft main thread/DEBUG] (FabricLoader/Mixin) osl.keybinds.mixins.json:client.GameOptionsMixin from mod osl-keybinds->@Inject::osl$keybinds$registerKeybinds(Lorg/spongepowered/asm/mixin/injection/callback/CallbackInfo;)V won't be passed a CallbackInfo as a result
[22:09:50] [Minecraft main thread/INFO] (Example Mod) This line is printed by an example mod mixin!
