[22:09:48] [main/INFO] (FabricLoader/GameProvider) Loading Minecraft 1.4.4 with Fabric Loader 0.16.10
[22:09:48] [main/INFO] (FabricLoader) Loading 13 mods:
	- example_mod 1.0.0+mc1.4.4
	- fabricloader 0.16.10
	- java 17
	- minecraft 1.4.4
	- mixinextras 0.4.1
	- osl-branding 0.3.2+mc1.3-pre-07261249-mc1.5.2
	- osl-config 0.5.2+mc1.3-pre-07261249-mc1.5.2
	- osl-core 0.6.0
	- osl-entrypoints 0.4.3+mc1.3-pre-07261249-mc1.5.2
	- osl-keybinds 0.1.3+mc1.3.1-mc1.5.2
	- osl-lifecycle-events 0.5.6+mc1.3-pre-07261249-mc1.5.2
	- osl-networking 0.8.0+mc1.3-pre-07261249-mc1.5.2
	- osl-resource-loader 0.5.4+mc1.3-pre-07261249-mc13w07a
[22:09:48] [main/INFO] (FabricLoader/Mixin) SpongePowered MIXIN Subsystem Version=0.8.7 Source=file:/C:/Users/Marpace/.gradle/caches/modules-2/files-2.1/net.fabricmc/sponge-mixin/0.15.4+mixin.0.8.7/6a12aacc794f1078458433116e9ed42c1cc98096/sponge-mixin-0.15.4+mixin.0.8.7.jar Service=Knot/Fabric Env=CLIENT
[22:09:48] [main/INFO] (FabricLoader/Mixin) Loaded Fabric development mappings for mixin remapper!
[22:09:49] [AWT-EventQueue-0/INFO] (FabricLoader/MixinExtras|Service) Initializing MixinExtras via com.llamalad7.mixinextras.service.MixinExtrasServiceImpl(version=0.4.1).
[22:09:49] [AWT-EventQueue-0/INFO] (Example Mod) initializing example mod!
[22:09:50] [Minecraft main thread/INFO] (Example Mod) This line is printed by an example mod mixin!
